[
  {
    "timestamp": "2026-07-06T00:15:37.739Z",
    "message": "📋 Available stat names in boxscore:",
    "data": "firstDowns, firstDownsPassing, firstDownsRushing, firstDownsPenalty, thirdDownEff, fourthDownEff, totalOffensivePlays, totalYards, yardsPerPlay, totalDrives, netPassingYards, completionAttempts, yardsPerPass, interceptions, sacksYardsLost, rushingYards, rushingAttempts, yardsPerRushAttempt, redZoneAttempts, totalPenaltiesYards, turnovers, fumblesLost, interceptions, defensiveTouchdowns, possessionTime"
  },
  {
    "timestamp": "2026-07-06T00:16:17.660Z",
    "message": "📊 Processed 271 completed games",
    "data": null
  },
  {
    "timestamp": "2026-07-06T00:16:17.660Z",
    "message": "📊 Games with boxscore statistics: 271/271",
    "data": null
  },
  {
    "timestamp": "2026-07-06T00:16:17.660Z",
    "message": "📊 Teams with rushing yards: 32/32",
    "data": null
  },
  {
    "timestamp": "2026-07-06T00:16:17.660Z",
    "message": "📊 Teams with passing yards: 32/32",
    "data": null
  },
  {
    "timestamp": "2026-07-06T00:16:17.661Z",
    "message": "📊 Sample team stats:",
    "data": "{\n  \"Arizona Cardinals\": {\n    \"gamesPlayed\": 17,\n    \"rushYards\": 1583,\n    \"passYards\": 3955,\n    \"rushYardsAllowed\": 2158,\n    \"passYardsAllowed\": 3923,\n    \"pointsScored\": 355\n  },\n  \"Atlanta Falcons\": {\n    \"gamesPlayed\": 16,\n    \"rushYards\": 2093,\n    \"passYards\": 3355,\n    \"rushYardsAllowed\": 2005,\n    \"passYardsAllowed\": 3210,\n    \"pointsScored\": 343\n  },\n  \"Baltimore Ravens\": {\n    \"gamesPlayed\": 16,\n    \"rushYards\": 2485,\n    \"passYards\": 2807,\n    \"rushYardsAllowed\": 1717,\n    \"passYardsAllowed\": 3939,\n    \"pointsScored\": 394\n  }\n}"
  }
]